<?xml version="1.0" encoding="utf-8"?><testsuites name="pytest tests"><testsuite name="pytest" errors="0" failures="0" skipped="0" tests="20" time="14.462" timestamp="2026-06-14T15:29:34.193811+00:00" hostname="agent-env-3c9e7acd-338a-48c4-bb63-e1e373a4abab"><testcase classname="tests.test_iteration3" name="test_register_default_role_is_student" time="2.463" /><testcase classname="tests.test_iteration3" name="test_register_with_role_parent" time="0.421" /><testcase classname="tests.test_iteration3" name="test_register_with_role_student_explicit" time="0.394" /><testcase classname="tests.test_iteration3" name="test_me_returns_role_for_student" time="0.442" /><testcase classname="tests.test_iteration3" name="test_me_returns_role_for_parent" time="0.449" /><testcase classname="tests.test_iteration3" name="test_generate_code_as_student_returns_6char" time="0.468" /><testcase classname="tests.test_iteration3" name="test_generate_code_as_parent_forbidden" time="0.427" /><testcase classname="tests.test_iteration3" name="test_parent_link_valid_code" time="0.933" /><testcase classname="tests.test_iteration3" name="test_parent_link_invalid_code" time="0.432" /><testcase classname="tests.test_iteration3" name="test_parent_link_duplicate_returns_already_linked" time="0.941" /><testcase classname="tests.test_iteration3" name="test_parent_link_as_student_forbidden" time="0.835" /><testcase classname="tests.test_iteration3" name="test_get_children_as_parent_returns_stats" time="0.887" /><testcase classname="tests.test_iteration3" name="test_get_children_as_student_forbidden" time="0.423" /><testcase classname="tests.test_iteration3" name="test_get_children_empty_for_unlinked_parent" time="0.420" /><testcase classname="tests.test_iteration3" name="test_get_child_as_linked_parent" time="0.997" /><testcase classname="tests.test_iteration3" name="test_get_child_as_unlinked_parent_forbidden" time="0.787" /><testcase classname="tests.test_iteration3" name="test_get_child_as_student_forbidden" time="0.803" /><testcase classname="tests.test_iteration3" name="test_unlink_removes_both_ways" time="1.090" /><testcase classname="tests.test_iteration3" name="test_email_service_mock_returns_true" time="0.001" /><testcase classname="tests.test_iteration3" name="test_scheduler_module_imports" time="0.216" /></testsuite></testsuites>