<?xml version="1.0" encoding="utf-8"?><testsuites name="pytest tests"><testsuite name="pytest" errors="0" failures="1" skipped="0" tests="20" time="6.515" timestamp="2026-06-14T15:14:13.320772+00:00" hostname="agent-env-3c9e7acd-338a-48c4-bb63-e1e373a4abab"><testcase classname="backend.tests.test_iteration2" name="test_categories_romana" time="0.329" /><testcase classname="backend.tests.test_iteration2" name="test_categories_matematica" time="0.058" /><testcase classname="backend.tests.test_iteration2" name="test_questions_by_category_romana" time="0.057" /><testcase classname="backend.tests.test_iteration2" name="test_questions_by_category_mate" time="0.050" /><testcase classname="backend.tests.test_iteration2" name="test_exam_romana" time="0.100" /><testcase classname="backend.tests.test_iteration2" name="test_exam_mate" time="0.050" /><testcase classname="backend.tests.test_iteration2" name="test_submit_simulation_doubles_points" time="0.535" /><testcase classname="backend.tests.test_iteration2" name="test_submit_returns_streak_medals" time="0.119" /><testcase classname="backend.tests.test_iteration2" name="test_medals_increment_every_5" time="0.811" /><testcase classname="backend.tests.test_iteration2" name="test_category_stored_in_attempts" time="0.155" /><testcase classname="backend.tests.test_iteration2" name="test_leaderboard_has_new_fields" time="0.049"><failure message="AssertionError: Missing current_streak in leaderboard entry: {'id': '3c9ccd83-5e4f-44f4-b499-65a374d7f2bf', 'full_name': 'Test Student', 'score_romana': 0, 'score_matematica': 40, 'total_tests': 2, 'points': 20}&#10;assert 'current_streak' in {'full_name': 'Test Student', 'id': '3c9ccd83-5e4f-44f4-b499-65a374d7f2bf', 'points': 20, 'score_matematica': 40, ...}">backend/tests/test_iteration2.py:190: in test_leaderboard_has_new_fields
    assert field in u, f"Missing {field} in leaderboard entry: {u}"
E   AssertionError: Missing current_streak in leaderboard entry: {'id': '3c9ccd83-5e4f-44f4-b499-65a374d7f2bf', 'full_name': 'Test Student', 'score_romana': 0, 'score_matematica': 40, 'total_tests': 2, 'points': 20}
E   assert 'current_streak' in {'full_name': 'Test Student', 'id': '3c9ccd83-5e4f-44f4-b499-65a374d7f2bf', 'points': 20, 'score_matematica': 40, ...}</failure></testcase><testcase classname="backend.tests.test_iteration2" name="test_weekly_leaderboard" time="0.057" /><testcase classname="backend.tests.test_iteration2" name="test_live_sessions_requires_auth" time="0.045" /><testcase classname="backend.tests.test_iteration2" name="test_live_sessions_list" time="0.066" /><testcase classname="backend.tests.test_iteration2" name="test_register_premium_session_forbidden" time="0.100" /><testcase classname="backend.tests.test_iteration2" name="test_register_standard_session_ok" time="0.160" /><testcase classname="backend.tests.test_iteration2" name="test_register_invalid_session" time="0.056" /><testcase classname="backend.tests.test_iteration2" name="test_dashboard_has_upcoming_sessions" time="0.067" /><testcase classname="backend.tests.test_iteration2" name="test_total_questions_seeded" time="0.412" /><testcase classname="backend.tests.test_iteration2" name="test_streak_same_day_stays" time="0.637" /></testsuite></testsuites>