<?xml version="1.0" encoding="utf-8"?><testsuites name="pytest tests"><testsuite name="pytest" errors="0" failures="0" skipped="0" tests="20" time="3.874" timestamp="2026-06-14T15:16:56.507227+00:00" hostname="agent-env-3c9e7acd-338a-48c4-bb63-e1e373a4abab"><testcase classname="backend.tests.test_iteration2" name="test_categories_romana" time="0.041" /><testcase classname="backend.tests.test_iteration2" name="test_categories_matematica" time="0.064" /><testcase classname="backend.tests.test_iteration2" name="test_questions_by_category_romana" time="0.053" /><testcase classname="backend.tests.test_iteration2" name="test_questions_by_category_mate" time="0.052" /><testcase classname="backend.tests.test_iteration2" name="test_exam_romana" time="0.114" /><testcase classname="backend.tests.test_iteration2" name="test_exam_mate" time="0.061" /><testcase classname="backend.tests.test_iteration2" name="test_submit_simulation_doubles_points" time="0.538" /><testcase classname="backend.tests.test_iteration2" name="test_submit_returns_streak_medals" time="0.118" /><testcase classname="backend.tests.test_iteration2" name="test_medals_increment_every_5" time="0.805" /><testcase classname="backend.tests.test_iteration2" name="test_category_stored_in_attempts" time="0.179" /><testcase classname="backend.tests.test_iteration2" name="test_leaderboard_has_new_fields" time="0.050" /><testcase classname="backend.tests.test_iteration2" name="test_weekly_leaderboard" time="0.053" /><testcase classname="backend.tests.test_iteration2" name="test_live_sessions_requires_auth" time="0.046" /><testcase classname="backend.tests.test_iteration2" name="test_live_sessions_list" time="0.052" /><testcase classname="backend.tests.test_iteration2" name="test_register_premium_session_forbidden" time="0.101" /><testcase classname="backend.tests.test_iteration2" name="test_register_standard_session_ok" time="0.158" /><testcase classname="backend.tests.test_iteration2" name="test_register_invalid_session" time="0.051" /><testcase classname="backend.tests.test_iteration2" name="test_dashboard_has_upcoming_sessions" time="0.058" /><testcase classname="backend.tests.test_iteration2" name="test_total_questions_seeded" time="0.055" /><testcase classname="backend.tests.test_iteration2" name="test_streak_same_day_stays" time="0.590" /></testsuite></testsuites>