<?xml version="1.0" encoding="utf-8"?><testsuites name="pytest tests"><testsuite name="pytest" errors="0" failures="0" skipped="0" tests="38" time="4.985" timestamp="2026-06-14T15:49:10.097326+00:00" hostname="agent-env-3c9e7acd-338a-48c4-bb63-e1e373a4abab"><testcase classname="backend.tests.test_iteration4.TestAdminLogin" name="test_admin_login_returns_role_admin" time="0.448" /><testcase classname="backend.tests.test_iteration4.TestAdminStats" name="test_stats_unauth_401" time="0.049" /><testcase classname="backend.tests.test_iteration4.TestAdminStats" name="test_stats_student_403" time="0.372" /><testcase classname="backend.tests.test_iteration4.TestAdminStats" name="test_stats_admin_200" time="0.374" /><testcase classname="backend.tests.test_iteration4.TestAdminQuestions" name="test_list_unauth_401" time="0.041" /><testcase classname="backend.tests.test_iteration4.TestAdminQuestions" name="test_list_student_403" time="0.044" /><testcase classname="backend.tests.test_iteration4.TestAdminQuestions" name="test_list_admin_with_subject_filter" time="0.049" /><testcase classname="backend.tests.test_iteration4.TestAdminQuestions" name="test_create_update_delete_question" time="0.331" /><testcase classname="backend.tests.test_iteration4.TestAdminPackages" name="test_list_unauth_401" time="0.042" /><testcase classname="backend.tests.test_iteration4.TestAdminPackages" name="test_list_student_403" time="0.042" /><testcase classname="backend.tests.test_iteration4.TestAdminPackages" name="test_admin_list_has_three_defaults" time="0.045" /><testcase classname="backend.tests.test_iteration4.TestAdminPackages" name="test_public_packages_from_db" time="0.046" /><testcase classname="backend.tests.test_iteration4.TestAdminPackages" name="test_update_package_reflects_in_public" time="0.194" /><testcase classname="backend.tests.test_iteration4.TestAdminPackages" name="test_create_duplicate_400_and_404" time="0.188" /><testcase classname="backend.tests.test_iteration4.TestAdminPackages" name="test_create_and_delete_custom_package" time="0.182" /><testcase classname="backend.tests.test_iteration4.TestCheckoutDbPackages" name="test_invalid_package_400" time="0.049" /><testcase classname="backend.tests.test_iteration4.TestCheckoutDbPackages" name="test_valid_package_creates_session" time="0.637" /><testcase classname="backend.tests.test_iteration4.TestAdminTeam" name="test_unauth_403" time="0.128" /><testcase classname="backend.tests.test_iteration4.TestAdminTeam" name="test_team_crud" time="0.318" /><testcase classname="backend.tests.test_iteration4.TestAdminSessions" name="test_unauth_403" time="0.119" /><testcase classname="backend.tests.test_iteration4.TestAdminSessions" name="test_sessions_crud_excludes_reminder_sent" time="0.271" /><testcase classname="backend.tests.test_iteration4.TestAdminAuthGating" name="test_unauth_401[/admin/stats]" time="0.041" /><testcase classname="backend.tests.test_iteration4.TestAdminAuthGating" name="test_unauth_401[/admin/questions]" time="0.047" /><testcase classname="backend.tests.test_iteration4.TestAdminAuthGating" name="test_unauth_401[/admin/packages]" time="0.042" /><testcase classname="backend.tests.test_iteration4.TestAdminAuthGating" name="test_unauth_401[/admin/team]" time="0.046" /><testcase classname="backend.tests.test_iteration4.TestAdminAuthGating" name="test_unauth_401[/admin/sessions]" time="0.043" /><testcase classname="backend.tests.test_iteration4.TestAdminAuthGating" name="test_student_403[/admin/stats]" time="0.046" /><testcase classname="backend.tests.test_iteration4.TestAdminAuthGating" name="test_student_403[/admin/questions]" time="0.044" /><testcase classname="backend.tests.test_iteration4.TestAdminAuthGating" name="test_student_403[/admin/packages]" time="0.073" /><testcase classname="backend.tests.test_iteration4.TestAdminAuthGating" name="test_student_403[/admin/team]" time="0.059" /><testcase classname="backend.tests.test_iteration4.TestAdminAuthGating" name="test_student_403[/admin/sessions]" time="0.048" /><testcase classname="backend.tests.test_iteration4.TestRegression" name="test_root" time="0.046" /><testcase classname="backend.tests.test_iteration4.TestRegression" name="test_public_team" time="0.046" /><testcase classname="backend.tests.test_iteration4.TestRegression" name="test_leaderboard" time="0.045" /><testcase classname="backend.tests.test_iteration4.TestRegression" name="test_questions_public_strips_correct" time="0.046" /><testcase classname="backend.tests.test_iteration4.TestRegression" name="test_categories" time="0.051" /><testcase classname="backend.tests.test_iteration4.TestRegression" name="test_me_with_student" time="0.044" /><testcase classname="backend.tests.test_iteration4.TestRegression" name="test_dashboard_me" time="0.051" /></testsuite></testsuites>