<?xml version="1.0" encoding="utf-8"?><testsuites name="pytest tests"><testsuite name="pytest" errors="0" failures="0" skipped="0" tests="20" time="31.587" timestamp="2026-06-14T14:56:28.984430+00:00" hostname="agent-env-3c9e7acd-338a-48c4-bb63-e1e373a4abab"><testcase classname="backend.tests.backend_test" name="test_root" time="3.486" /><testcase classname="backend.tests.backend_test" name="test_register_duplicate_rejected" time="0.563" /><testcase classname="backend.tests.backend_test" name="test_login_success" time="0.710" /><testcase classname="backend.tests.backend_test" name="test_login_invalid" time="0.080" /><testcase classname="backend.tests.backend_test" name="test_me_protected" time="0.070" /><testcase classname="backend.tests.backend_test" name="test_me_with_token" time="0.090" /><testcase classname="backend.tests.backend_test" name="test_team" time="0.103" /><testcase classname="backend.tests.backend_test" name="test_packages" time="0.072" /><testcase classname="backend.tests.backend_test" name="test_initial_romana_no_correct" time="0.073" /><testcase classname="backend.tests.backend_test" name="test_initial_mate" time="0.077" /><testcase classname="backend.tests.backend_test" name="test_ai_plan_blocked_before_eval" time="0.100" /><testcase classname="backend.tests.backend_test" name="test_submit_initial_romana" time="0.274" /><testcase classname="backend.tests.backend_test" name="test_submit_initial_mate" time="0.338" /><testcase classname="backend.tests.backend_test" name="test_ai_study_plan" time="23.204" /><testcase classname="backend.tests.backend_test" name="test_dashboard" time="0.054" /><testcase classname="backend.tests.backend_test" name="test_leaderboard" time="0.054" /><testcase classname="backend.tests.backend_test" name="test_checkout_invalid_package" time="0.050" /><testcase classname="backend.tests.backend_test" name="test_checkout_valid" time="0.785" /><testcase classname="backend.tests.backend_test" name="test_payment_status" time="0.318" /><testcase classname="backend.tests.backend_test" name="test_payment_status_invalid" time="0.049" /></testsuite></testsuites>